中文结果: 
              precision    recall  f1-score   support

      B-NAME     0.9901    0.9804    0.9852       102
      M-NAME     1.0000    0.9733    0.9865        75
      E-NAME     0.9901    0.9804    0.9852       102
      S-NAME     1.0000    1.0000    1.0000         8
      B-CONT     1.0000    1.0000    1.0000        33
      M-CONT     1.0000    1.0000    1.0000        64
      E-CONT     1.0000    1.0000    1.0000        33
      S-CONT     0.0000    0.0000    0.0000         0
       B-EDU     0.9815    1.0000    0.9907       106
       M-EDU     0.9833    1.0000    0.9916       177
       E-EDU     0.9630    0.9811    0.9720       106
       S-EDU     0.0000    0.0000    0.0000         0
     B-TITLE     0.8971    0.8984    0.8978       689
     M-TITLE     0.8659    0.9209    0.8925      1479
     E-TITLE     0.9812    0.9826    0.9819       689
     S-TITLE     0.0000    0.0000    0.0000         0
       B-ORG     0.9528    0.9272    0.9398       522
       M-ORG     0.9344    0.9550    0.9446      3622
       E-ORG     0.8898    0.8659    0.8777       522
       S-ORG     0.0000    0.0000    0.0000         0
      B-RACE     1.0000    1.0000    1.0000        14
      M-RACE     0.0000    0.0000    0.0000         0
      E-RACE     1.0000    1.0000    1.0000        14
      S-RACE     0.0000    0.0000    0.0000         1
       B-PRO     0.8421    0.8889    0.8649        18
       M-PRO     0.8000    0.8485    0.8235        33
       E-PRO     0.8947    0.9444    0.9189        18
       S-PRO     0.0000    0.0000    0.0000         0
       B-LOC     1.0000    1.0000    1.0000         2
       M-LOC     1.0000    1.0000    1.0000         6
       E-LOC     1.0000    1.0000    1.0000         2
       S-LOC     0.0000    0.0000    0.0000         0

   micro avg     0.9254    0.9423    0.9338      8437
   macro avg     0.7177    0.7233    0.7204      8437
weighted avg     0.9259    0.9423    0.9338      8437

英文结果: 
              precision    recall  f1-score   support

       B-PER     0.9015    0.8990    0.9002      1842
       I-PER     0.9417    0.9396    0.9406      1307
       B-ORG     0.8666    0.8188    0.8420      1341
       I-ORG     0.8237    0.8336    0.8286       751
       B-LOC     0.9276    0.8922    0.9095      1837
       I-LOC     0.9676    0.8132    0.8837       257
      B-MISC     0.9234    0.8362    0.8776       922
      I-MISC     0.8759    0.7341    0.7987       346

   micro avg     0.9039    0.8696    0.8864      8603
   macro avg     0.9035    0.8458    0.8726      8603
weighted avg     0.9042    0.8696    0.8860      8603

