中文结果: 
              precision    recall  f1-score   support

      B-NAME     0.9902    0.9902    0.9902       102
      M-NAME     0.9610    0.9867    0.9737        75
      E-NAME     0.9709    0.9804    0.9756       102
      S-NAME     1.0000    1.0000    1.0000         8
      B-CONT     1.0000    1.0000    1.0000        33
      M-CONT     1.0000    1.0000    1.0000        64
      E-CONT     1.0000    1.0000    1.0000        33
      S-CONT     0.0000    0.0000    0.0000         0
       B-EDU     0.9550    1.0000    0.9770       106
       M-EDU     0.9669    0.9887    0.9777       177
       E-EDU     0.9720    0.9811    0.9765       106
       S-EDU     0.0000    0.0000    0.0000         0
     B-TITLE     0.9239    0.9332    0.9285       689
     M-TITLE     0.9130    0.9506    0.9314      1479
     E-TITLE     0.9814    0.9942    0.9877       689
     S-TITLE     0.0000    0.0000    0.0000         0
       B-ORG     0.9709    0.9598    0.9653       522
       M-ORG     0.9579    0.9611    0.9595      3622
       E-ORG     0.9141    0.9176    0.9159       522
       S-ORG     0.0000    0.0000    0.0000         0
      B-RACE     1.0000    1.0000    1.0000        14
      M-RACE     0.0000    0.0000    0.0000         0
      E-RACE     1.0000    1.0000    1.0000        14
      S-RACE     1.0000    1.0000    1.0000         1
       B-PRO     0.8500    0.9444    0.8947        18
       M-PRO     0.8000    0.9697    0.8767        33
       E-PRO     0.9000    1.0000    0.9474        18
       S-PRO     0.0000    0.0000    0.0000         0
       B-LOC     0.6667    1.0000    0.8000         2
       M-LOC     0.5000    1.0000    0.6667         6
       E-LOC     0.5000    1.0000    0.6667         2
       S-LOC     0.0000    0.0000    0.0000         0

   micro avg     0.9467    0.9599    0.9533      8437
   macro avg     0.7092    0.7674    0.7316      8437
weighted avg     0.9475    0.9599    0.9535      8437

英文结果: 
              precision    recall  f1-score   support

       B-PER     0.9120    0.8105    0.8583      1842
       I-PER     0.9620    0.8332    0.8930      1307
       B-ORG     0.9071    0.7502    0.8212      1341
       I-ORG     0.9425    0.7643    0.8441       751
       B-LOC     0.9331    0.8508    0.8901      1837
       I-LOC     0.9476    0.7743    0.8522       257
      B-MISC     0.9132    0.7874    0.8457       922
      I-MISC     0.8764    0.6561    0.7504       346

   micro avg     0.9261    0.7994    0.8581      8603
   macro avg     0.9243    0.7784    0.8444      8603
weighted avg     0.9258    0.7994    0.8575      8603

