中文结果: 
              precision    recall  f1-score   support

      B-NAME     0.8922    0.8922    0.8922       102
      M-NAME     0.8310    0.7867    0.8082        75
      E-NAME     0.7745    0.7745    0.7745       102
      S-NAME     0.5000    0.7500    0.6000         8
      B-CONT     0.9706    1.0000    0.9851        33
      M-CONT     0.9846    1.0000    0.9922        64
      E-CONT     0.9706    1.0000    0.9851        33
      S-CONT     0.0000    0.0000    0.0000         0
       B-EDU     0.9123    0.9811    0.9455       106
       M-EDU     0.9206    0.9831    0.9508       177
       E-EDU     0.9130    0.9906    0.9502       106
       S-EDU     0.0000    0.0000    0.0000         0
     B-TITLE     0.8215    0.8418    0.8315       689
     M-TITLE     0.8413    0.8492    0.8452      1479
     E-TITLE     0.9405    0.9637    0.9520       689
     S-TITLE     0.0000    0.0000    0.0000         0
       B-ORG     0.8569    0.8831    0.8698       522
       M-ORG     0.9006    0.9028    0.9017      3622
       E-ORG     0.7645    0.7835    0.7739       522
       S-ORG     0.0000    0.0000    0.0000         0
      B-RACE     1.0000    1.0000    1.0000        14
      M-RACE     0.0000    0.0000    0.0000         0
      E-RACE     1.0000    1.0000    1.0000        14
      S-RACE     0.1429    1.0000    0.2500         1
       B-PRO     0.3714    0.7222    0.4906        18
       M-PRO     0.2787    0.5152    0.3617        33
       E-PRO     0.4857    0.9444    0.6415        18
       S-PRO     0.0000    0.0000    0.0000         0
       B-LOC     0.3333    1.0000    0.5000         2
       M-LOC     0.6667    1.0000    0.8000         6
       E-LOC     0.4000    1.0000    0.5714         2
       S-LOC     0.0000    0.0000    0.0000         0

   micro avg     0.8610    0.8859    0.8732      8437
   macro avg     0.5773    0.7051    0.6148      8437
weighted avg     0.8705    0.8859    0.8775      8437

英文结果: 
              precision    recall  f1-score   support

       B-PER     0.9572    0.6916    0.8030      1842
       I-PER     0.9061    0.7827    0.8399      1307
       B-ORG     0.6515    0.7890    0.7137      1341
       I-ORG     0.6080    0.7270    0.6622       751
       B-LOC     0.9035    0.8258    0.8629      1837
       I-LOC     0.4515    0.7432    0.5618       257
      B-MISC     0.5413    0.8254    0.6538       922
      I-MISC     0.3059    0.7197    0.4293       346

   micro avg     0.7114    0.7694    0.7393      8603
   macro avg     0.6656    0.7630    0.6908      8603
weighted avg     0.7740    0.7694    0.7570      8603

